<?xml version="1.0" encoding="UTF-8"?>
<!-- Generated by org.testng.reporters.JUnitReportReporter -->
<testsuite hostname="DESKTOP-92LVASS" name="com.zqxq.test.DistribtionApi" tests="3" failures="0" timestamp="25 Oct 2017 03:57:25 GMT" time="1.613" errors="0">
  <testcase name="LoanBankList" time="0.127" classname="com.zqxq.test.DistribtionApi"/>
  <testcase name="Login" time="1.366" classname="com.zqxq.test.DistribtionApi"/>
  <testcase name="LoanOrderList" time="0.120" classname="com.zqxq.test.DistribtionApi"/>
</testsuite> <!-- com.zqxq.test.DistribtionApi -->
